neuralnetwork app/oCRTest/build/outputs/logs/manifest-merger-debug-report.txt
-- Merging decision tree log ---
manifest
ADDED from AndroidManifest.xml:19:1
	xmlns:android
		ADDED from AndroidManifest.xml:19:11
	package
		ADDED from AndroidManifest.xml:20:11
		INJECTED from AndroidManifest.xml:0:0
		INJECTED from AndroidManifest.xml:0:0
	android:versionName
		ADDED from AndroidManifest.xml:22:11
	android:versionCode
		ADDED from AndroidManifest.xml:23:11
		INJECTED from AndroidManifest.xml:0:0
		INJECTED from AndroidManifest.xml:0:0
	android:installLocation
		ADDED from AndroidManifest.xml:21:11
uses-sdk
ADDED from AndroidManifest.xml:25:3
MERGED from android1:tesstwo:unspecified:22:5
	android:targetSdkVersion
		ADDED from AndroidManifest.xml:25:39
		INJECTED from AndroidManifest.xml:0:0
		INJECTED from AndroidManifest.xml:0:0
	android:minSdkVersion
		ADDED from AndroidManifest.xml:25:13
		INJECTED from AndroidManifest.xml:0:0
		INJECTED from AndroidManifest.xml:0:0
supports-screens
ADDED from AndroidManifest.xml:26:3
	android:largeScreens
		ADDED from AndroidManifest.xml:27:21
	android:normalScreens
		ADDED from AndroidManifest.xml:28:21
	android:xlargeScreens
		ADDED from AndroidManifest.xml:26:21
	android:smallScreens
		ADDED from AndroidManifest.xml:29:21
uses-feature#android.hardware.camera.autofocus
ADDED from AndroidManifest.xml:30:3
	android:name
		ADDED from AndroidManifest.xml:30:17
uses-feature#android.hardware.camera.flash
ADDED from AndroidManifest.xml:31:3
	android:required
		ADDED from AndroidManifest.xml:31:62
	android:name
		ADDED from AndroidManifest.xml:31:17
uses-feature#android.hardware.camera
ADDED from AndroidManifest.xml:32:3
	android:name
		ADDED from AndroidManifest.xml:32:17
uses-feature#android.hardware.screen.landscape
ADDED from AndroidManifest.xml:33:3
	android:name
		ADDED from AndroidManifest.xml:33:17
application
ADDED from AndroidManifest.xml:35:3
	android:label
		ADDED from AndroidManifest.xml:36:16
	android:icon
		ADDED from AndroidManifest.xml:35:16
activity#edu.sfsu.cs.orange.ocr.CaptureActivity
ADDED from AndroidManifest.xml:37:5
	android:windowSoftInputMode
		ADDED from AndroidManifest.xml:41:15
	android:screenOrientation
		ADDED from AndroidManifest.xml:38:15
	android:configChanges
		ADDED from AndroidManifest.xml:39:15
	android:theme
		ADDED from AndroidManifest.xml:40:15
	android:name
		ADDED from AndroidManifest.xml:37:15
intent-filter#android.intent.action.MAIN+android.intent.category.LAUNCHER
ADDED from AndroidManifest.xml:43:7
action#android.intent.action.MAIN
ADDED from AndroidManifest.xml:44:9
	android:name
		ADDED from AndroidManifest.xml:44:17
category#android.intent.category.LAUNCHER
ADDED from AndroidManifest.xml:45:9
	android:name
		ADDED from AndroidManifest.xml:45:19
activity#edu.sfsu.cs.orange.ocr.HelpActivity
ADDED from AndroidManifest.xml:48:5
	android:screenOrientation
		ADDED from AndroidManifest.xml:49:15
	android:name
		ADDED from AndroidManifest.xml:48:15
intent-filter#android.intent.action.VIEW+android.intent.category.DEFAULT
ADDED from AndroidManifest.xml:50:7
action#android.intent.action.VIEW
ADDED from AndroidManifest.xml:51:9
	android:name
		ADDED from AndroidManifest.xml:51:17
category#android.intent.category.DEFAULT
ADDED from AndroidManifest.xml:52:9
	android:name
		ADDED from AndroidManifest.xml:52:19
activity#edu.sfsu.cs.orange.ocr.PreferencesActivity
ADDED from AndroidManifest.xml:56:5
	android:name
		ADDED from AndroidManifest.xml:56:15
uses-permission#android.permission.CAMERA
ADDED from AndroidManifest.xml:58:3
	android:name
		ADDED from AndroidManifest.xml:58:20
uses-permission#android.permission.INTERNET
ADDED from AndroidManifest.xml:59:3
	android:name
		ADDED from AndroidManifest.xml:59:20
uses-permission#android.permission.WRITE_EXTERNAL_STORAGE
ADDED from AndroidManifest.xml:60:3
	android:name
		ADDED from AndroidManifest.xml:60:20